<?xml version="1.0" encoding="UTF-8"?>
<!-- Generated by org.testng.reporters.JUnitReportReporter -->
<testsuite skipped="0" hostname="DESKTOP-RV8OV7R" name="b.Grooping" tests="2" failures="0" timestamp="01 Mar 2023 09:10:39 GMT" time="0.000" errors="0">
  <testcase name="testb" time="0.000" classname="b.Grooping"/>
  <testcase name="testd" time="0.000" classname="b.Grooping"/>
</testsuite> <!-- b.Grooping -->
