<?xml version="1.0" encoding="UTF-8"?>
<!-- Generated by org.testng.reporters.JUnitReportReporter -->
<testsuite skipped="0" hostname="DESKTOP-RV8OV7R" name="A.Grooping" tests="6" failures="0" timestamp="01 Mar 2023 10:28:57 GMT" time="240.053" errors="0">
  <testcase name="test2" time="50.960" classname="A.Grooping"/>
  <testcase name="test5" time="21.551" classname="A.Grooping"/>
  <testcase name="test4" time="63.364" classname="A.Grooping"/>
  <testcase name="test6" time="32.643" classname="A.Grooping"/>
  <testcase name="test" time="6.615" classname="A.Grooping"/>
  <testcase name="test3" time="64.920" classname="A.Grooping"/>
</testsuite> <!-- A.Grooping -->
